#
# A fatal error has been detected by the Java Runtime Environment:
#
#  EXCEPTION_ACCESS_VIOLATION (0xc0000005) at pc=0x0b268c5c, pid=2724, tid=2652
#
# JRE version: 6.0_24-b07
# Java VM: Java HotSpot(TM) Client VM (19.1-b02 mixed mode, sharing windows-x86 )
# Problematic frame:
# C  [ialmgdev.dll+0x18c5c]
#
# If you would like to submit a bug report, please visit:
#   http://java.sun.com/webapps/bugreport/crash.jsp
# The crash happened outside the Java Virtual Machine in native code.
# See problematic frame for where to report the bug.
#

---------------  T H R E A D  ---------------

Current thread (0x003a6c00):  JavaThread "main" [_thread_in_native, id=2652, stack(0x008c0000,0x00910000)]

siginfo: ExceptionCode=0xc0000005, reading address 0x0030881d

Registers:
EAX=0x0019d0d8, EBX=0x00158e70, ECX=0x0019d0c0, EDX=0x00000000
ESP=0x0090f5d4, EBP=0x00000000, ESI=0x00105a00, EDI=0x00308801
EIP=0x0b268c5c, EFLAGS=0x00010206

Register to memory mapping:

EAX=0x0019d0d8
0x0019d0d8 is pointing to unknown location

EBX=0x00158e70
0x00158e70 is pointing to unknown location

ECX=0x0019d0c0
0x0019d0c0 is pointing to unknown location

EDX=0x00000000
0x00000000 is pointing to unknown location

ESP=0x0090f5d4
0x0090f5d4 is pointing into the stack for thread: 0x003a6c00
"main" prio=6 tid=0x003a6c00 nid=0xa5c runnable [0x0090f000]
   java.lang.Thread.State: RUNNABLE

EBP=0x00000000
0x00000000 is pointing to unknown location

ESI=0x00105a00
0x00105a00 is pointing to unknown location

EDI=0x00308801
0x00308801 is pointing to unknown location


Top of Stack: (sp=0x0090f5d4)
0x0090f5d4:   00155858 00105a00 00155858 00000004
0x0090f5e4:   00308801 00000000 0000080d 00000000
0x0090f5f4:   00000001 0b2670b1 1f491fc4 00105a00
0x0090f604:   0b275e31 00000064 00000001 00169340
0x0090f614:   00000004 00105a00 0016a540 00000018
0x0090f624:   00000000 1f491fd0 00000000 00000000
0x0090f634:   0af8b063 00169340 00000003 0000000b
0x0090f644:   00105a00 0016a540 0090f69c 0000000b 

Instructions: (pc=0x0b268c5c)
0x0b268c4c:   08 89 48 04 74 03 89 41 08 89 43 08 eb 02 33 ff
0x0b268c5c:   8a 4f 1c 84 c9 8b 44 24 10 c6 47 14 01 89 47 18 


Stack: [0x008c0000,0x00910000],  sp=0x0090f5d4,  free space=317k
Native frames: (J=compiled Java code, j=interpreted, Vv=VM code, C=native code)
C  [ialmgdev.dll+0x18c5c]

[error occurred during error reporting (printing native stack), id 0xc0000005]

Java frames: (J=compiled Java code, j=interpreted, Vv=VM code)
J  org.lwjgl.opengl.GL11.nglTranslatef(FFFJ)V
J  org.newdawn.slick.Image.drawSheared(FFFF)V
J  main.entity.Entity_detail_grassblade_med.draw()V
J  main.GraphicsManager.renderGame(Lorg/newdawn/slick/Graphics;I)V
j  main.GameBase.render(Lorg/newdawn/slick/Graphics;I)V+104
j  main.GameBase.start()V+164
j  main.GameBase.main([Ljava/lang/String;)V+0
v  ~StubRoutines::call_stub

---------------  P R O C E S S  ---------------

Java Threads: ( => current thread )
  0x0b569800 JavaThread "AWT-Windows" daemon [_thread_in_native, id=4092, stack(0x0bb20000,0x0bb70000)]
  0x0b439400 JavaThread "Java2D Disposer" daemon [_thread_blocked, id=1184, stack(0x0ba80000,0x0bad0000)]
  0x02b50400 JavaThread "Low Memory Detector" daemon [_thread_blocked, id=2240, stack(0x02dc0000,0x02e10000)]
  0x02b41800 JavaThread "CompilerThread0" daemon [_thread_blocked, id=3428, stack(0x02d70000,0x02dc0000)]
  0x02b40000 JavaThread "Attach Listener" daemon [_thread_blocked, id=3900, stack(0x02d20000,0x02d70000)]
  0x02b3e800 JavaThread "Signal Dispatcher" daemon [_thread_blocked, id=760, stack(0x02cd0000,0x02d20000)]
  0x02b3b400 JavaThread "Finalizer" daemon [_thread_blocked, id=460, stack(0x02c80000,0x02cd0000)]
  0x02b36800 JavaThread "Reference Handler" daemon [_thread_blocked, id=2124, stack(0x02c30000,0x02c80000)]
=>0x003a6c00 JavaThread "main" [_thread_in_native, id=2652, stack(0x008c0000,0x00910000)]

Other Threads:
  0x02afa400 VMThread [stack: 0x02be0000,0x02c30000] [id=1744]
  0x02b52c00 WatcherThread [stack: 0x02e10000,0x02e60000] [id=1704]

VM state:not at safepoint (normal execution)

VM Mutex/Monitor currently owned by a thread: None

Heap
 def new generation   total 4928K, used 2492K [0x22990000, 0x22ee0000, 0x27ee0000)
  eden space 4416K,  56% used [0x22990000, 0x22bfe480, 0x22de0000)
  from space 512K,   0% used [0x22e60000, 0x22e60de0, 0x22ee0000)
  to   space 512K,   0% used [0x22de0000, 0x22de0000, 0x22e60000)
 tenured generation   total 10944K, used 5332K [0x27ee0000, 0x28990000, 0x32990000)
   the space 10944K,  48% used [0x27ee0000, 0x284153e8, 0x28415400, 0x28990000)
 compacting perm gen  total 12288K, used 2405K [0x32990000, 0x33590000, 0x36990000)
   the space 12288K,  19% used [0x32990000, 0x32be96a0, 0x32be9800, 0x33590000)
    ro space 10240K,  51% used [0x36990000, 0x36ebcf58, 0x36ebd000, 0x37390000)
    rw space 12288K,  54% used [0x37390000, 0x37a28f50, 0x37a29000, 0x37f90000)

Dynamic libraries:
0x00400000 - 0x00424000 	C:\Program Files\Java\jre6\bin\javaw.exe
0x7c900000 - 0x7c9af000 	C:\WINDOWS\system32\ntdll.dll
0x7c800000 - 0x7c8f6000 	C:\WINDOWS\system32\kernel32.dll
0x77dd0000 - 0x77e6b000 	C:\WINDOWS\system32\ADVAPI32.dll
0x77e70000 - 0x77f02000 	C:\WINDOWS\system32\RPCRT4.dll
0x77fe0000 - 0x77ff1000 	C:\WINDOWS\system32\Secur32.dll
0x7e410000 - 0x7e4a1000 	C:\WINDOWS\system32\USER32.dll
0x77f10000 - 0x77f59000 	C:\WINDOWS\system32\GDI32.dll
0x76390000 - 0x763ad000 	C:\WINDOWS\system32\IMM32.DLL
0x7c340000 - 0x7c396000 	C:\Program Files\Java\jre6\bin\msvcr71.dll
0x6d7f0000 - 0x6da96000 	C:\Program Files\Java\jre6\bin\client\jvm.dll
0x76b40000 - 0x76b6d000 	C:\WINDOWS\system32\WINMM.dll
0x6bd00000 - 0x6bd0d000 	C:\WINDOWS\system32\SYNCOR11.DLL
0x6d7a0000 - 0x6d7ac000 	C:\Program Files\Java\jre6\bin\verify.dll
0x6d320000 - 0x6d33f000 	C:\Program Files\Java\jre6\bin\java.dll
0x6d280000 - 0x6d288000 	C:\Program Files\Java\jre6\bin\hpi.dll
0x76bf0000 - 0x76bfb000 	C:\WINDOWS\system32\PSAPI.DLL
0x6d7e0000 - 0x6d7ef000 	C:\Program Files\Java\jre6\bin\zip.dll
0x10000000 - 0x10073000 	F:\Programs\Compsci\javagame\src\demora\lib\lwjgl-2.8.2\native\windows\lwjgl.dll
0x773d0000 - 0x774d3000 	C:\WINDOWS\WinSxS\x86_Microsoft.Windows.Common-Controls_6595b64144ccf1df_6.0.2600.5512_x-ww_35d4ce83\COMCTL32.dll
0x77c10000 - 0x77c68000 	C:\WINDOWS\system32\msvcrt.dll
0x77f60000 - 0x77fd6000 	C:\WINDOWS\system32\SHLWAPI.dll
0x5ed00000 - 0x5edcc000 	C:\WINDOWS\system32\OPENGL32.dll
0x68b20000 - 0x68b40000 	C:\WINDOWS\system32\GLU32.dll
0x73760000 - 0x737ab000 	C:\WINDOWS\system32\DDRAW.dll
0x73bc0000 - 0x73bc6000 	C:\WINDOWS\system32\DCIMAN32.dll
0x77c00000 - 0x77c08000 	C:\WINDOWS\system32\VERSION.dll
0x5ad70000 - 0x5ada8000 	C:\WINDOWS\system32\uxtheme.dll
0x74720000 - 0x7476c000 	C:\WINDOWS\system32\MSCTF.dll
0x0af30000 - 0x0af44000 	C:\WINDOWS\system32\LSKHOOK.DLL
0x755c0000 - 0x755ee000 	C:\WINDOWS\system32\msctfime.ime
0x774e0000 - 0x7761d000 	C:\WINDOWS\system32\ole32.dll
0x0af70000 - 0x0b1a3000 	C:\WINDOWS\system32\ialmgicd.dll
0x0b250000 - 0x0b2cf000 	C:\WINDOWS\system32\ialmgdev.dll
0x73b30000 - 0x73b45000 	C:\WINDOWS\system32\mscms.dll
0x73000000 - 0x73026000 	C:\WINDOWS\system32\WINSPOOL.DRV
0x66e90000 - 0x66ed1000 	C:\WINDOWS\system32\icm32.dll
0x605d0000 - 0x605d9000 	C:\WINDOWS\system32\mslbui.dll
0x6d000000 - 0x6d14a000 	C:\Program Files\Java\jre6\bin\awt.dll
0x6d230000 - 0x6d27f000 	C:\Program Files\Java\jre6\bin\fontmanager.dll
0x6d600000 - 0x6d613000 	C:\Program Files\Java\jre6\bin\net.dll
0x71ab0000 - 0x71ac7000 	C:\WINDOWS\system32\WS2_32.dll
0x71aa0000 - 0x71aa8000 	C:\WINDOWS\system32\WS2HELP.dll
0x6d620000 - 0x6d629000 	C:\Program Files\Java\jre6\bin\nio.dll

VM Arguments:
jvm_args: -Djava.library.path=F:\Programs\Compsci\javagame\src\demora\lib\lwjgl-2.8.2\native\windows -Dfile.encoding=Cp1252 
java_command: main.GameBase
Launcher Type: SUN_STANDARD

Environment Variables:
CLASSPATH=.;C:\Program Files\Java\jre6\lib\ext\QTJava.zip
PATH=C:/Program Files/Java/jre6/bin/client;C:/Program Files/Java/jre6/bin;C:/Program Files/Java/jre6/lib/i386;C:\WINDOWS\system32;C:\WINDOWS;C:\WINDOWS\system32\WBEM;C:\WINDOWS\system32\nls;C:\WINDOWS\system32\nls\ENGLISH;C:\WINDOWS\system32\WindowsPowerShell\v1.0;C:\Program Files\QuickTime\QTSystem\;Z:.
USERNAME=compsci
OS=Windows_NT
PROCESSOR_IDENTIFIER=x86 Family 15 Model 4 Stepping 10, GenuineIntel



---------------  S Y S T E M  ---------------

OS: Windows XP Build 2600 Service Pack 3

CPU:total 2 (1 cores per cpu, 2 threads per core) family 15 model 4 stepping 10, cmov, cx8, fxsr, mmx, sse, sse2, sse3, ht

Memory: 4k page, physical 2088296k(944164k free), swap 4019672k(3063436k free)

vm_info: Java HotSpot(TM) Client VM (19.1-b02) for windows-x86 JRE (1.6.0_24-b07), built on Feb  2 2011 17:44:41 by "java_re" with MS VC++ 7.1 (VS2003)

time: Tue Apr 03 10:48:45 2012
elapsed time: 39 seconds

